0 info it worked if it ends with ok
1 verbose cli [ 'C:\\Program Files\\nodejs\\node.exe',
1 verbose cli   'C:\\Program Files\\nodejs\\node_modules\\npm\\bin\\npm-cli.js',
1 verbose cli   'run',
1 verbose cli   'watch' ]
2 info using npm@3.10.10
3 info using node@v6.9.4
4 verbose run-script [ 'prewatch', 'watch', 'postwatch' ]
5 info lifecycle exam-planner@1.0.0~prewatch: exam-planner@1.0.0
6 silly lifecycle exam-planner@1.0.0~prewatch: no script for prewatch, continuing
7 info lifecycle exam-planner@1.0.0~watch: exam-planner@1.0.0
8 verbose lifecycle exam-planner@1.0.0~watch: unsafe-perm in lifecycle true
9 verbose lifecycle exam-planner@1.0.0~watch: PATH: C:\Program Files\nodejs\node_modules\npm\bin\node-gyp-bin;D:\Dev\wamp\www\exam-planner\node_modules\.bin;D:\Dev\Cmder\bin;C:\Program Files\Git\bin;C:\Program Files\Git\usr\bin;C:\Program Files\Git\share\vim\vim74;D:\Dev\Cmder\vendor\conemu-maximus5\ConEmu\Scripts;D:\Dev\Cmder\vendor\conemu-maximus5;D:\Dev\Cmder\vendor\conemu-maximus5\ConEmu;C:\Program Files (x86)\NVIDIA Corporation\PhysX\Common;C:\ProgramData\Oracle\Java\javapath;C:\WINDOWS\system32;C:\WINDOWS;C:\WINDOWS\System32\Wbem;C:\WINDOWS\System32\WindowsPowerShell\v1.0\;C:\Program Files\nodejs\;C:\Program Files\Git\cmd;C:\Program Files\Microsoft SQL Server\Client SDK\ODBC\110\Tools\Binn\;C:\Program Files (x86)\Microsoft SQL Server\120\Tools\Binn\;C:\Program Files\Microsoft SQL Server\120\Tools\Binn\;C:\Program Files\Microsoft SQL Server\120\DTS\Binn\;C:\Program Files (x86)\Windows Kits\8.1\Windows Performance Toolkit\;C:\ProgramData\ComposerSetup\bin;C:\Users\shoodey\AppData\Local\Programs\Python\Python36\Scripts\;C:\Users\shoodey\AppData\Local\Programs\Python\Python36\;C:\Users\shoodey\AppData\Local\Microsoft\WindowsApps;C:\Users\shoodey\AppData\Roaming\npm;C:\Program Files\Heroku\bin;D:\Dev\wamp\bin\php\php7.0.10;C:\Users\shoodey\AppData\Roaming\Composer\vendor\bin;D:\Dev\wamp\bin\mysql\mysql5.7.14\bin;D:\Dev\Cmder
10 verbose lifecycle exam-planner@1.0.0~watch: CWD: D:\Dev\wamp\www\exam-planner
11 silly lifecycle exam-planner@1.0.0~watch: Args: [ '/d /s /c',
11 silly lifecycle   'cross-env NODE_ENV=development node_modules/webpack/bin/webpack.js --watch --progress --hide-modules --config=node_modules/laravel-mix/setup/webpack.config.js' ]
12 silly lifecycle exam-planner@1.0.0~watch: Returned: code: 3221225786  signal: null
13 info lifecycle exam-planner@1.0.0~watch: Failed to exec watch script
14 verbose stack Error: exam-planner@1.0.0 watch: `cross-env NODE_ENV=development node_modules/webpack/bin/webpack.js --watch --progress --hide-modules --config=node_modules/laravel-mix/setup/webpack.config.js`
14 verbose stack Exit status 3221225786
14 verbose stack     at EventEmitter.<anonymous> (C:\Program Files\nodejs\node_modules\npm\lib\utils\lifecycle.js:255:16)
14 verbose stack     at emitTwo (events.js:106:13)
14 verbose stack     at EventEmitter.emit (events.js:191:7)
14 verbose stack     at ChildProcess.<anonymous> (C:\Program Files\nodejs\node_modules\npm\lib\utils\spawn.js:40:14)
14 verbose stack     at emitTwo (events.js:106:13)
14 verbose stack     at ChildProcess.emit (events.js:191:7)
14 verbose stack     at maybeClose (internal/child_process.js:877:16)
14 verbose stack     at Process.ChildProcess._handle.onexit (internal/child_process.js:226:5)
15 verbose pkgid exam-planner@1.0.0
16 verbose cwd D:\Dev\wamp\www\exam-planner
17 error Windows_NT 10.0.14393
18 error argv "C:\\Program Files\\nodejs\\node.exe" "C:\\Program Files\\nodejs\\node_modules\\npm\\bin\\npm-cli.js" "run" "watch"
19 error node v6.9.4
20 error npm  v3.10.10
21 error code ELIFECYCLE
22 error exam-planner@1.0.0 watch: `cross-env NODE_ENV=development node_modules/webpack/bin/webpack.js --watch --progress --hide-modules --config=node_modules/laravel-mix/setup/webpack.config.js`
22 error Exit status 3221225786
23 error Failed at the exam-planner@1.0.0 watch script 'cross-env NODE_ENV=development node_modules/webpack/bin/webpack.js --watch --progress --hide-modules --config=node_modules/laravel-mix/setup/webpack.config.js'.
23 error Make sure you have the latest version of node.js and npm installed.
23 error If you do, this is most likely a problem with the exam-planner package,
23 error not with npm itself.
23 error Tell the author that this fails on your system:
23 error     cross-env NODE_ENV=development node_modules/webpack/bin/webpack.js --watch --progress --hide-modules --config=node_modules/laravel-mix/setup/webpack.config.js
23 error You can get information on how to open an issue for this project with:
23 error     npm bugs exam-planner
23 error Or if that isn't available, you can get their info via:
23 error     npm owner ls exam-planner
23 error There is likely additional logging output above.
24 verbose exit [ 1, true ]
